2024-01-04 02:52:34;INFO;

sst2 0 Layers alpha ascending False
2024-01-04 02:52:34;INFO;
Memory usage before: 0 bytes
Memory usage after: 444MB
2024-01-04 02:52:34;INFO;
Peak Memory usage: 808MB


2024-01-04 02:52:44;INFO;

sst2 2 Layers alpha ascending False
2024-01-04 02:52:44;INFO;
Memory usage before: 0 bytes
Memory usage after: 459MB
2024-01-04 02:52:44;INFO;
Peak Memory usage: 824MB


2024-01-04 02:52:45;INFO;

sst2 1 Layers alpha ascending False
2024-01-04 02:52:45;INFO;
Memory usage before: 0 bytes
Memory usage after: 451MB
2024-01-04 02:52:45;INFO;
Peak Memory usage: 815MB


2024-01-04 02:54:06;INFO;

sst2 3 Layers alpha ascending False
2024-01-04 02:54:06;INFO;
Memory usage before: 0 bytes
Memory usage after: 465MB
2024-01-04 02:54:06;INFO;
Peak Memory usage: 1028MB


2024-01-04 02:54:21;INFO;

sst2 4 Layers alpha ascending False
2024-01-04 02:54:21;INFO;
Memory usage before: 0 bytes
Memory usage after: 472MB
2024-01-04 02:54:21;INFO;
Peak Memory usage: 1045MB


2024-01-04 02:54:38;INFO;

sst2 5 Layers alpha ascending False
2024-01-04 02:54:38;INFO;
Memory usage before: 0 bytes
Memory usage after: 479MB
2024-01-04 02:54:38;INFO;
Peak Memory usage: 1062MB


2024-01-04 02:57:38;INFO;

sst2 6 Layers alpha ascending False
2024-01-04 02:57:38;INFO;
Memory usage before: 0 bytes
Memory usage after: 486MB
2024-01-04 02:57:38;INFO;
Peak Memory usage: 1727MB


2024-01-04 02:57:54;INFO;

sst2 8 Layers alpha ascending False
2024-01-04 02:57:54;INFO;
Memory usage before: 0 bytes
Memory usage after: 500MB
2024-01-04 02:57:54;INFO;
Peak Memory usage: 1760MB


2024-01-04 03:07:30;INFO;

sst2 10 Layers alpha ascending False
2024-01-04 03:07:30;INFO;
Memory usage before: 0 bytes
Memory usage after: 535MB
2024-01-04 03:07:30;INFO;
Peak Memory usage: 1840MB


2024-01-04 03:08:18;INFO;

sst2 12 Layers alpha ascending False
2024-01-04 03:08:18;INFO;
Memory usage before: 0 bytes
Memory usage after: 550MB
2024-01-04 03:08:18;INFO;
Peak Memory usage: 2043MB


2024-01-04 03:10:29;INFO;

sst2 18 Layers alpha ascending False
2024-01-04 03:10:29;INFO;
Memory usage before: 0 bytes
Memory usage after: 657MB
2024-01-04 03:10:29;INFO;
Peak Memory usage: 2631MB


2024-01-04 03:13:56;INFO;

sst2 24 Layers alpha ascending False
2024-01-04 03:13:56;INFO;
Memory usage before: 0 bytes
Memory usage after: 766MB
2024-01-04 03:13:56;INFO;
Peak Memory usage: 3192MB


2024-01-04 03:15:09;INFO;

sst2 30 Layers alpha ascending False
2024-01-04 03:15:09;INFO;
Memory usage before: 0 bytes
Memory usage after: 895MB
2024-01-04 03:15:09;INFO;
Peak Memory usage: 3363MB


2024-01-04 03:16:29;INFO;

sst2 36 Layers alpha ascending False
2024-01-04 03:16:29;INFO;
Memory usage before: 0 bytes
Memory usage after: 1046MB
2024-01-04 03:16:29;INFO;
Peak Memory usage: 3596MB


2024-01-04 03:23:13;INFO;

sst2 72 Layers alpha ascending False
2024-01-04 03:23:13;INFO;
Memory usage before: 0 bytes
Memory usage after: 1476MB
2024-01-04 03:23:13;INFO;
Peak Memory usage: 4251MB


2024-01-04 03:23:15;INFO;

sst2 74 Layers alpha ascending False
2024-01-04 03:23:15;INFO;
Memory usage before: 0 bytes
Memory usage after: 1480MB
2024-01-04 03:23:15;INFO;
Peak Memory usage: 4257MB


2024-01-06 13:04:27;INFO;

sst2 0 Layers alpha ascending False
2024-01-06 13:04:27;INFO;
Memory usage before: 0 bytes
Memory usage after: 444MB
2024-01-06 13:04:27;INFO;
Peak Memory usage: 808MB


2024-01-06 13:04:36;INFO;

sst2 1 Layers alpha ascending False
2024-01-06 13:04:36;INFO;
Memory usage before: 0 bytes
Memory usage after: 451MB
2024-01-06 13:04:36;INFO;
Peak Memory usage: 815MB


2024-01-06 13:04:39;INFO;

sst2 2 Layers alpha ascending False
2024-01-06 13:04:39;INFO;
Memory usage before: 0 bytes
Memory usage after: 459MB
2024-01-06 13:04:39;INFO;
Peak Memory usage: 824MB


2024-01-06 13:05:49;INFO;

sst2 3 Layers alpha ascending False
2024-01-06 13:05:49;INFO;
Memory usage before: 0 bytes
Memory usage after: 465MB
2024-01-06 13:05:49;INFO;
Peak Memory usage: 1028MB


2024-01-06 13:05:51;INFO;

sst2 4 Layers alpha ascending False
2024-01-06 13:05:51;INFO;
Memory usage before: 0 bytes
Memory usage after: 472MB
2024-01-06 13:05:51;INFO;
Peak Memory usage: 1045MB


2024-01-06 13:05:55;INFO;

sst2 5 Layers alpha ascending False
2024-01-06 13:05:55;INFO;
Memory usage before: 0 bytes
Memory usage after: 479MB
2024-01-06 13:05:55;INFO;
Peak Memory usage: 1062MB


2024-01-06 13:08:36;INFO;

sst2 6 Layers alpha ascending False
2024-01-06 13:08:36;INFO;
Memory usage before: 0 bytes
Memory usage after: 486MB
2024-01-06 13:08:36;INFO;
Peak Memory usage: 1727MB


2024-01-06 13:08:52;INFO;

sst2 8 Layers alpha ascending False
2024-01-06 13:08:52;INFO;
Memory usage before: 0 bytes
Memory usage after: 500MB
2024-01-06 13:08:52;INFO;
Peak Memory usage: 1760MB


2024-01-06 13:19:10;INFO;

sst2 10 Layers alpha ascending False
2024-01-06 13:19:10;INFO;
Memory usage before: 0 bytes
Memory usage after: 535MB
2024-01-06 13:19:10;INFO;
Peak Memory usage: 1840MB


2024-01-06 13:20:07;INFO;

sst2 12 Layers alpha ascending False
2024-01-06 13:20:07;INFO;
Memory usage before: 0 bytes
Memory usage after: 550MB
2024-01-06 13:20:07;INFO;
Peak Memory usage: 2043MB


2024-01-06 13:22:29;INFO;

sst2 18 Layers alpha ascending False
2024-01-06 13:22:29;INFO;
Memory usage before: 0 bytes
Memory usage after: 657MB
2024-01-06 13:22:29;INFO;
Peak Memory usage: 2631MB


2024-01-06 13:25:30;INFO;

sst2 24 Layers alpha ascending False
2024-01-06 13:25:30;INFO;
Memory usage before: 0 bytes
Memory usage after: 766MB
2024-01-06 13:25:30;INFO;
Peak Memory usage: 3192MB


2024-01-06 13:26:37;INFO;

sst2 30 Layers alpha ascending False
2024-01-06 13:26:37;INFO;
Memory usage before: 0 bytes
Memory usage after: 895MB
2024-01-06 13:26:37;INFO;
Peak Memory usage: 3363MB


2024-01-06 13:27:54;INFO;

sst2 36 Layers alpha ascending False
2024-01-06 13:27:54;INFO;
Memory usage before: 0 bytes
Memory usage after: 1046MB
2024-01-06 13:27:54;INFO;
Peak Memory usage: 3596MB


2024-01-06 13:33:46;INFO;

sst2 72 Layers alpha ascending False
2024-01-06 13:33:46;INFO;
Memory usage before: 0 bytes
Memory usage after: 1476MB
2024-01-06 13:33:46;INFO;
Peak Memory usage: 4251MB


2024-01-06 13:33:53;INFO;

sst2 74 Layers alpha ascending False
2024-01-06 13:33:53;INFO;
Memory usage before: 0 bytes
Memory usage after: 1480MB
2024-01-06 13:33:53;INFO;
Peak Memory usage: 4257MB


