2024-01-06 19:17:01;INFO;

sst2 0 Layers alpha ascending False
2024-01-06 19:17:01;INFO;
Memory usage before: 0 bytes
Memory usage after: 444MB
2024-01-06 19:17:01;INFO;
Peak Memory usage: 808MB


2024-01-06 19:27:12;INFO;

sst2 1 Layers alpha ascending False
2024-01-06 19:27:12;INFO;
Memory usage before: 0 bytes
Memory usage after: 451MB
2024-01-06 19:27:12;INFO;
Peak Memory usage: 815MB


2024-01-06 19:37:26;INFO;

sst2 2 Layers alpha ascending False
2024-01-06 19:37:26;INFO;
Memory usage before: 0 bytes
Memory usage after: 459MB
2024-01-06 19:37:26;INFO;
Peak Memory usage: 824MB


2024-01-06 19:48:49;INFO;

sst2 3 Layers alpha ascending False
2024-01-06 19:48:49;INFO;
Memory usage before: 0 bytes
Memory usage after: 465MB
2024-01-06 19:48:49;INFO;
Peak Memory usage: 1028MB


2024-01-06 19:58:07;INFO;

sst2 4 Layers alpha ascending False
2024-01-06 19:58:07;INFO;
Memory usage before: 0 bytes
Memory usage after: 472MB
2024-01-06 19:58:07;INFO;
Peak Memory usage: 1045MB


2024-01-06 20:00:13;INFO;

sst2 5 Layers alpha ascending False
2024-01-06 20:00:13;INFO;
Memory usage before: 0 bytes
Memory usage after: 479MB
2024-01-06 20:00:13;INFO;
Peak Memory usage: 1062MB


2024-01-06 20:12:19;INFO;

sst2 6 Layers alpha ascending False
2024-01-06 20:12:19;INFO;
Memory usage before: 0 bytes
Memory usage after: 486MB
2024-01-06 20:12:19;INFO;
Peak Memory usage: 1727MB


2024-01-06 20:12:54;INFO;

sst2 8 Layers alpha ascending False
2024-01-06 20:12:54;INFO;
Memory usage before: 0 bytes
Memory usage after: 500MB
2024-01-06 20:12:54;INFO;
Peak Memory usage: 1760MB


2024-01-06 20:14:42;INFO;

sst2 10 Layers alpha ascending False
2024-01-06 20:14:42;INFO;
Memory usage before: 0 bytes
Memory usage after: 535MB
2024-01-06 20:14:42;INFO;
Peak Memory usage: 1840MB


2024-01-06 20:27:30;INFO;

sst2 12 Layers alpha ascending False
2024-01-06 20:27:30;INFO;
Memory usage before: 0 bytes
Memory usage after: 550MB
2024-01-06 20:27:30;INFO;
Peak Memory usage: 2043MB


2024-01-06 20:29:49;INFO;

sst2 18 Layers alpha ascending False
2024-01-06 20:29:49;INFO;
Memory usage before: 0 bytes
Memory usage after: 657MB
2024-01-06 20:29:49;INFO;
Peak Memory usage: 2631MB


2024-01-06 20:32:38;INFO;

sst2 24 Layers alpha ascending False
2024-01-06 20:32:38;INFO;
Memory usage before: 0 bytes
Memory usage after: 766MB
2024-01-06 20:32:38;INFO;
Peak Memory usage: 3192MB


2024-01-06 20:35:31;INFO;

sst2 30 Layers alpha ascending False
2024-01-06 20:35:31;INFO;
Memory usage before: 0 bytes
Memory usage after: 895MB
2024-01-06 20:35:31;INFO;
Peak Memory usage: 3363MB


2024-01-06 20:44:55;INFO;

sst2 36 Layers alpha ascending False
2024-01-06 20:44:55;INFO;
Memory usage before: 0 bytes
Memory usage after: 1046MB
2024-01-06 20:44:55;INFO;
Peak Memory usage: 3596MB


2024-01-06 20:52:47;INFO;

sst2 72 Layers alpha ascending False
2024-01-06 20:52:47;INFO;
Memory usage before: 0 bytes
Memory usage after: 1476MB
2024-01-06 20:52:47;INFO;
Peak Memory usage: 4251MB


2024-01-06 20:55:03;INFO;

sst2 74 Layers alpha ascending False
2024-01-06 20:55:03;INFO;
Memory usage before: 0 bytes
Memory usage after: 1480MB
2024-01-06 20:55:03;INFO;
Peak Memory usage: 4257MB


