2024-01-04 04:47:00;INFO;

mnli 0 Layers alpha ascending False
2024-01-04 04:47:00;INFO;
Memory usage before: 0 bytes
Memory usage after: 444MB
2024-01-04 04:47:00;INFO;
Peak Memory usage: 808MB


2024-01-04 04:49:05;INFO;

mnli 1 Layers alpha ascending False
2024-01-04 04:49:05;INFO;
Memory usage before: 0 bytes
Memory usage after: 451MB
2024-01-04 04:49:05;INFO;
Peak Memory usage: 815MB


2024-01-04 04:56:15;INFO;

mnli 2 Layers alpha ascending False
2024-01-04 04:56:15;INFO;
Memory usage before: 0 bytes
Memory usage after: 459MB
2024-01-04 04:56:15;INFO;
Peak Memory usage: 824MB


2024-01-04 05:11:39;INFO;

mnli 3 Layers alpha ascending False
2024-01-04 05:11:39;INFO;
Memory usage before: 0 bytes
Memory usage after: 465MB
2024-01-04 05:11:39;INFO;
Peak Memory usage: 1028MB


2024-01-04 05:14:00;INFO;

mnli 4 Layers alpha ascending False
2024-01-04 05:14:00;INFO;
Memory usage before: 0 bytes
Memory usage after: 473MB
2024-01-04 05:14:00;INFO;
Peak Memory usage: 1045MB


2024-01-04 05:17:59;INFO;

mnli 5 Layers alpha ascending False
2024-01-04 05:17:59;INFO;
Memory usage before: 0 bytes
Memory usage after: 482MB
2024-01-04 05:17:59;INFO;
Peak Memory usage: 1062MB


2024-01-04 05:50:19;INFO;

mnli 6 Layers alpha ascending False
2024-01-04 05:50:19;INFO;
Memory usage before: 0 bytes
Memory usage after: 490MB
2024-01-04 05:50:19;INFO;
Peak Memory usage: 1727MB


2024-01-04 05:50:58;INFO;

mnli 8 Layers alpha ascending False
2024-01-04 05:50:58;INFO;
Memory usage before: 0 bytes
Memory usage after: 504MB
2024-01-04 05:50:58;INFO;
Peak Memory usage: 1760MB


2024-01-04 06:11:47;INFO;

mnli 10 Layers alpha ascending False
2024-01-04 06:11:47;INFO;
Memory usage before: 0 bytes
Memory usage after: 540MB
2024-01-04 06:11:47;INFO;
Peak Memory usage: 1840MB


2024-01-06 14:57:40;INFO;

mnli 0 Layers alpha ascending False
2024-01-06 14:57:40;INFO;
Memory usage before: 0 bytes
Memory usage after: 444MB
2024-01-06 14:57:40;INFO;
Peak Memory usage: 808MB


2024-01-06 15:01:03;INFO;

mnli 1 Layers alpha ascending False
2024-01-06 15:01:03;INFO;
Memory usage before: 0 bytes
Memory usage after: 451MB
2024-01-06 15:01:03;INFO;
Peak Memory usage: 815MB


2024-01-06 15:01:51;INFO;

mnli 2 Layers alpha ascending False
2024-01-06 15:01:51;INFO;
Memory usage before: 0 bytes
Memory usage after: 459MB
2024-01-06 15:01:51;INFO;
Peak Memory usage: 824MB


2024-01-06 15:17:40;INFO;

mnli 3 Layers alpha ascending False
2024-01-06 15:17:40;INFO;
Memory usage before: 0 bytes
Memory usage after: 465MB
2024-01-06 15:17:40;INFO;
Peak Memory usage: 1028MB


2024-01-06 15:20:22;INFO;

mnli 4 Layers alpha ascending False
2024-01-06 15:20:22;INFO;
Memory usage before: 0 bytes
Memory usage after: 473MB
2024-01-06 15:20:22;INFO;
Peak Memory usage: 1045MB


2024-01-06 15:23:48;INFO;

mnli 5 Layers alpha ascending False
2024-01-06 15:23:48;INFO;
Memory usage before: 0 bytes
Memory usage after: 482MB
2024-01-06 15:23:48;INFO;
Peak Memory usage: 1062MB


2024-01-06 15:55:11;INFO;

mnli 6 Layers alpha ascending False
2024-01-06 15:55:11;INFO;
Memory usage before: 0 bytes
Memory usage after: 490MB
2024-01-06 15:55:11;INFO;
Peak Memory usage: 1727MB


2024-01-06 15:56:18;INFO;

mnli 8 Layers alpha ascending False
2024-01-06 15:56:18;INFO;
Memory usage before: 0 bytes
Memory usage after: 504MB
2024-01-06 15:56:18;INFO;
Peak Memory usage: 1760MB


2024-01-06 16:17:43;INFO;

mnli 10 Layers alpha ascending False
2024-01-06 16:17:43;INFO;
Memory usage before: 0 bytes
Memory usage after: 540MB
2024-01-06 16:17:43;INFO;
Peak Memory usage: 1840MB


2024-01-06 16:25:51;INFO;

mnli 12 Layers alpha ascending False
2024-01-06 16:25:51;INFO;
Memory usage before: 0 bytes
Memory usage after: 555MB
2024-01-06 16:25:51;INFO;
Peak Memory usage: 2043MB


2024-01-06 16:39:12;INFO;

mnli 18 Layers alpha ascending False
2024-01-06 16:39:12;INFO;
Memory usage before: 0 bytes
Memory usage after: 663MB
2024-01-06 16:39:12;INFO;
Peak Memory usage: 2631MB


2024-01-06 17:08:06;INFO;

mnli 24 Layers alpha ascending False
2024-01-06 17:08:06;INFO;
Memory usage before: 0 bytes
Memory usage after: 770MB
2024-01-06 17:08:06;INFO;
Peak Memory usage: 3192MB


2024-01-06 17:16:27;INFO;

mnli 30 Layers alpha ascending False
2024-01-06 17:16:27;INFO;
Memory usage before: 0 bytes
Memory usage after: 896MB
2024-01-06 17:16:27;INFO;
Peak Memory usage: 3363MB


2024-01-06 17:26:13;INFO;

mnli 36 Layers alpha ascending False
2024-01-06 17:26:13;INFO;
Memory usage before: 0 bytes
Memory usage after: 1047MB
2024-01-06 17:26:13;INFO;
Peak Memory usage: 3596MB


2024-01-06 18:16:48;INFO;

mnli 72 Layers alpha ascending False
2024-01-06 18:16:48;INFO;
Memory usage before: 0 bytes
Memory usage after: 1482MB
2024-01-06 18:16:48;INFO;
Peak Memory usage: 4251MB


2024-01-06 18:18:05;INFO;

mnli 74 Layers alpha ascending False
2024-01-06 18:18:05;INFO;
Memory usage before: 0 bytes
Memory usage after: 1489MB
2024-01-06 18:18:05;INFO;
Peak Memory usage: 4257MB


