2024-01-06 20:47:09;INFO;

qnli 0 Layers alpha ascending False
2024-01-06 20:47:09;INFO;
Memory usage before: 0 bytes
Memory usage after: 444MB
2024-01-06 20:47:09;INFO;
Peak Memory usage: 808MB


2024-01-06 20:49:49;INFO;

qnli 1 Layers alpha ascending False
2024-01-06 20:49:49;INFO;
Memory usage before: 0 bytes
Memory usage after: 451MB
2024-01-06 20:49:49;INFO;
Peak Memory usage: 816MB


2024-01-06 20:52:29;INFO;

qnli 2 Layers alpha ascending False
2024-01-06 20:52:29;INFO;
Memory usage before: 0 bytes
Memory usage after: 459MB
2024-01-06 20:52:29;INFO;
Peak Memory usage: 824MB


2024-01-06 21:03:46;INFO;

qnli 3 Layers alpha ascending False
2024-01-06 21:03:46;INFO;
Memory usage before: 0 bytes
Memory usage after: 465MB
2024-01-06 21:03:46;INFO;
Peak Memory usage: 1028MB


2024-01-06 21:06:09;INFO;

qnli 4 Layers alpha ascending False
2024-01-06 21:06:09;INFO;
Memory usage before: 0 bytes
Memory usage after: 472MB
2024-01-06 21:06:09;INFO;
Peak Memory usage: 1045MB


2024-01-06 21:08:54;INFO;

qnli 5 Layers alpha ascending False
2024-01-06 21:08:54;INFO;
Memory usage before: 0 bytes
Memory usage after: 479MB
2024-01-06 21:08:54;INFO;
Peak Memory usage: 1062MB


2024-01-06 21:15:52;INFO;

qnli 6 Layers alpha ascending False
2024-01-06 21:15:52;INFO;
Memory usage before: 0 bytes
Memory usage after: 487MB
2024-01-06 21:15:52;INFO;
Peak Memory usage: 1727MB


2024-01-06 21:16:11;INFO;

qnli 8 Layers alpha ascending False
2024-01-06 21:16:11;INFO;
Memory usage before: 0 bytes
Memory usage after: 500MB
2024-01-06 21:16:11;INFO;
Peak Memory usage: 1760MB


2024-01-06 21:18:53;INFO;

qnli 10 Layers alpha ascending False
2024-01-06 21:18:53;INFO;
Memory usage before: 0 bytes
Memory usage after: 535MB
2024-01-06 21:18:53;INFO;
Peak Memory usage: 1840MB


2024-01-06 21:28:56;INFO;

qnli 12 Layers alpha ascending False
2024-01-06 21:28:56;INFO;
Memory usage before: 0 bytes
Memory usage after: 552MB
2024-01-06 21:28:56;INFO;
Peak Memory usage: 2043MB


2024-01-06 21:34:36;INFO;

qnli 18 Layers alpha ascending False
2024-01-06 21:34:36;INFO;
Memory usage before: 0 bytes
Memory usage after: 660MB
2024-01-06 21:34:36;INFO;
Peak Memory usage: 2631MB


2024-01-06 21:40:58;INFO;

qnli 24 Layers alpha ascending False
2024-01-06 21:40:58;INFO;
Memory usage before: 0 bytes
Memory usage after: 766MB
2024-01-06 21:40:58;INFO;
Peak Memory usage: 3192MB


2024-01-06 21:46:24;INFO;

qnli 30 Layers alpha ascending False
2024-01-06 21:46:24;INFO;
Memory usage before: 0 bytes
Memory usage after: 896MB
2024-01-06 21:46:24;INFO;
Peak Memory usage: 3363MB


2024-01-06 21:50:49;INFO;

qnli 36 Layers alpha ascending False
2024-01-06 21:50:49;INFO;
Memory usage before: 0 bytes
Memory usage after: 1045MB
2024-01-06 21:50:49;INFO;
Peak Memory usage: 3596MB


2024-01-06 21:56:18;INFO;

qnli 72 Layers alpha ascending False
2024-01-06 21:56:18;INFO;
Memory usage before: 0 bytes
Memory usage after: 1482MB
2024-01-06 21:56:18;INFO;
Peak Memory usage: 4251MB


2024-01-06 21:56:32;INFO;

qnli 74 Layers alpha ascending False
2024-01-06 21:56:32;INFO;
Memory usage before: 0 bytes
Memory usage after: 1485MB
2024-01-06 21:56:32;INFO;
Peak Memory usage: 4257MB


