2024-01-07 00:42:29;INFO;

qqp 0 Layers alpha ascending False
2024-01-07 00:42:29;INFO;
Memory usage before: 0 bytes
Memory usage after: 444MB
2024-01-07 00:42:29;INFO;
Peak Memory usage: 808MB


2024-01-07 00:58:27;INFO;

qqp 1 Layers alpha ascending False
2024-01-07 00:58:27;INFO;
Memory usage before: 0 bytes
Memory usage after: 451MB
2024-01-07 00:58:27;INFO;
Peak Memory usage: 816MB


2024-01-07 01:17:17;INFO;

qqp 2 Layers alpha ascending False
2024-01-07 01:17:17;INFO;
Memory usage before: 0 bytes
Memory usage after: 460MB
2024-01-07 01:17:17;INFO;
Peak Memory usage: 825MB


2024-01-07 01:50:06;INFO;

qqp 3 Layers alpha ascending False
2024-01-07 01:50:06;INFO;
Memory usage before: 0 bytes
Memory usage after: 465MB
2024-01-07 01:50:06;INFO;
Peak Memory usage: 1028MB


2024-01-07 01:51:06;INFO;

qqp 4 Layers alpha ascending False
2024-01-07 01:51:06;INFO;
Memory usage before: 0 bytes
Memory usage after: 473MB
2024-01-07 01:51:06;INFO;
Peak Memory usage: 1045MB


2024-01-07 02:01:41;INFO;

qqp 5 Layers alpha ascending False
2024-01-07 02:01:41;INFO;
Memory usage before: 0 bytes
Memory usage after: 482MB
2024-01-07 02:01:41;INFO;
Peak Memory usage: 1062MB


2024-01-07 02:22:24;INFO;

qqp 6 Layers alpha ascending False
2024-01-07 02:22:24;INFO;
Memory usage before: 0 bytes
Memory usage after: 488MB
2024-01-07 02:22:24;INFO;
Peak Memory usage: 1727MB


2024-01-07 02:28:36;INFO;

qqp 8 Layers alpha ascending False
2024-01-07 02:28:36;INFO;
Memory usage before: 0 bytes
Memory usage after: 503MB
2024-01-07 02:28:36;INFO;
Peak Memory usage: 1760MB


2024-01-07 02:43:04;INFO;

qqp 10 Layers alpha ascending False
2024-01-07 02:43:04;INFO;
Memory usage before: 0 bytes
Memory usage after: 537MB
2024-01-07 02:43:04;INFO;
Peak Memory usage: 1840MB


2024-01-07 03:14:49;INFO;

qqp 12 Layers alpha ascending False
2024-01-07 03:14:49;INFO;
Memory usage before: 0 bytes
Memory usage after: 553MB
2024-01-07 03:14:49;INFO;
Peak Memory usage: 2043MB


2024-01-07 03:27:50;INFO;

qqp 18 Layers alpha ascending False
2024-01-07 03:27:50;INFO;
Memory usage before: 0 bytes
Memory usage after: 665MB
2024-01-07 03:27:50;INFO;
Peak Memory usage: 2631MB


2024-01-07 03:44:07;INFO;

qqp 24 Layers alpha ascending False
2024-01-07 03:44:07;INFO;
Memory usage before: 0 bytes
Memory usage after: 770MB
2024-01-07 03:44:07;INFO;
Peak Memory usage: 3192MB


2024-01-07 03:50:10;INFO;

qqp 30 Layers alpha ascending False
2024-01-07 03:50:10;INFO;
Memory usage before: 0 bytes
Memory usage after: 900MB
2024-01-07 03:50:10;INFO;
Peak Memory usage: 3363MB


2024-01-07 04:06:46;INFO;

qqp 36 Layers alpha ascending False
2024-01-07 04:06:46;INFO;
Memory usage before: 0 bytes
Memory usage after: 1049MB
2024-01-07 04:06:46;INFO;
Peak Memory usage: 3596MB


2024-01-07 04:45:22;INFO;

qqp 72 Layers alpha ascending False
2024-01-07 04:45:22;INFO;
Memory usage before: 0 bytes
Memory usage after: 1479MB
2024-01-07 04:45:22;INFO;
Peak Memory usage: 4251MB


2024-01-07 04:51:36;INFO;

qqp 74 Layers alpha ascending False
2024-01-07 04:51:36;INFO;
Memory usage before: 0 bytes
Memory usage after: 1486MB
2024-01-07 04:51:36;INFO;
Peak Memory usage: 4257MB


