2024-01-06 17:15:24;INFO;

qqp 0 Layers alpha ascending False
2024-01-06 17:15:24;INFO;
Memory usage before: 0 bytes
Memory usage after: 444MB
2024-01-06 17:15:24;INFO;
Peak Memory usage: 808MB


2024-01-06 17:27:59;INFO;

qqp 1 Layers alpha ascending False
2024-01-06 17:27:59;INFO;
Memory usage before: 0 bytes
Memory usage after: 451MB
2024-01-06 17:27:59;INFO;
Peak Memory usage: 816MB


2024-01-06 17:41:05;INFO;

qqp 2 Layers alpha ascending False
2024-01-06 17:41:05;INFO;
Memory usage before: 0 bytes
Memory usage after: 460MB
2024-01-06 17:41:05;INFO;
Peak Memory usage: 825MB


2024-01-06 18:16:32;INFO;

qqp 3 Layers alpha ascending False
2024-01-06 18:16:32;INFO;
Memory usage before: 0 bytes
Memory usage after: 465MB
2024-01-06 18:16:32;INFO;
Peak Memory usage: 1028MB


2024-01-06 18:23:58;INFO;

qqp 4 Layers alpha ascending False
2024-01-06 18:23:58;INFO;
Memory usage before: 0 bytes
Memory usage after: 473MB
2024-01-06 18:23:58;INFO;
Peak Memory usage: 1045MB


2024-01-06 18:25:25;INFO;

qqp 5 Layers alpha ascending False
2024-01-06 18:25:25;INFO;
Memory usage before: 0 bytes
Memory usage after: 482MB
2024-01-06 18:25:25;INFO;
Peak Memory usage: 1062MB


2024-01-06 18:50:05;INFO;

qqp 6 Layers alpha ascending False
2024-01-06 18:50:05;INFO;
Memory usage before: 0 bytes
Memory usage after: 488MB
2024-01-06 18:50:05;INFO;
Peak Memory usage: 1727MB


2024-01-06 18:52:27;INFO;

qqp 8 Layers alpha ascending False
2024-01-06 18:52:27;INFO;
Memory usage before: 0 bytes
Memory usage after: 503MB
2024-01-06 18:52:27;INFO;
Peak Memory usage: 1760MB


2024-01-06 19:06:59;INFO;

qqp 10 Layers alpha ascending False
2024-01-06 19:06:59;INFO;
Memory usage before: 0 bytes
Memory usage after: 537MB
2024-01-06 19:06:59;INFO;
Peak Memory usage: 1840MB


2024-01-06 19:46:42;INFO;

qqp 12 Layers alpha ascending False
2024-01-06 19:46:42;INFO;
Memory usage before: 0 bytes
Memory usage after: 553MB
2024-01-06 19:46:42;INFO;
Peak Memory usage: 2043MB


2024-01-06 19:58:44;INFO;

qqp 18 Layers alpha ascending False
2024-01-06 19:58:44;INFO;
Memory usage before: 0 bytes
Memory usage after: 665MB
2024-01-06 19:58:44;INFO;
Peak Memory usage: 2631MB


2024-01-06 20:12:08;INFO;

qqp 24 Layers alpha ascending False
2024-01-06 20:12:08;INFO;
Memory usage before: 0 bytes
Memory usage after: 769MB
2024-01-06 20:12:08;INFO;
Peak Memory usage: 3192MB


2024-01-06 20:23:03;INFO;

qqp 30 Layers alpha ascending False
2024-01-06 20:23:03;INFO;
Memory usage before: 0 bytes
Memory usage after: 900MB
2024-01-06 20:23:03;INFO;
Peak Memory usage: 3363MB


2024-01-06 20:30:27;INFO;

qqp 36 Layers alpha ascending False
2024-01-06 20:30:27;INFO;
Memory usage before: 0 bytes
Memory usage after: 1049MB
2024-01-06 20:30:27;INFO;
Peak Memory usage: 3596MB


2024-01-06 21:12:55;INFO;

qqp 72 Layers alpha ascending False
2024-01-06 21:12:55;INFO;
Memory usage before: 0 bytes
Memory usage after: 1479MB
2024-01-06 21:12:55;INFO;
Peak Memory usage: 4251MB


2024-01-06 21:15:38;INFO;

qqp 74 Layers alpha ascending False
2024-01-06 21:15:38;INFO;
Memory usage before: 0 bytes
Memory usage after: 1486MB
2024-01-06 21:15:38;INFO;
Peak Memory usage: 4257MB


